#
# A fatal error has been detected by the Java Runtime Environment:
#
#  EXCEPTION_STACK_OVERFLOW (0xc00000fd) at pc=0x000000005a3e4447, pid=9184, tid=0x00000000000027a8
#
# JRE version: Java(TM) SE Runtime Environment (8.0_171-b11) (build 1.8.0_171-b11)
# Java VM: Java HotSpot(TM) 64-Bit Server VM (25.171-b11 mixed mode windows-amd64 compressed oops)
# Problematic frame:
# V  [jvm.dll+0x214447]
#
# Failed to write core dump. Minidumps are not enabled by default on client versions of Windows
#
# If you would like to submit a bug report, please visit:
#   http://bugreport.java.com/bugreport/crash.jsp
#

---------------  T H R E A D  ---------------

Current thread (0x000000001ca26800):  JavaThread "HikariPool-1 connection adder" daemon [_thread_in_vm, id=10152, stack(0x00000000187c0000,0x00000000188c0000)]

siginfo: ExceptionCode=0xc00000fd, ExceptionInformation=0x0000000000000001 0x00000000188bb770 

Registers:
RAX=0x00000000188bb770, RBX=0x0000000000000005, RCX=0x0000000000004000, RDX=0x0000000000000006
RSP=0x00000000188bf770, RBP=0x0000000000000000, RSI=0x00000000188bf770, RDI=0x0000000000000005
R8 =0x0000000000000006, R9 =0x0000000019949190, R10=0x000000001508c3e8, R11=0x00000000187ca148
R12=0x0000000019949190, R13=0x000000001ca26800, R14=0x00000000188bf838, R15=0x000000001508c3e8
RIP=0x000000005a3e4447, EFLAGS=0x0000000000010202

Top of Stack: (sp=0x00000000188bf770)
0x00000000188bf770:   0000d36d69e4dfb7 0000000100006bc8
0x00000000188bf780:   000000001ca26800 0000000019949190
0x00000000188bf790:   00000000ffffffff 000000005a3e5377
0x00000000188bf7a0:   00000000188bf8a0 000000001508c3e8
0x00000000188bf7b0:   000000001ca26800 000000005a290703
0x00000000188bf7c0:   00000000188bf800 000000001ca26800
0x00000000188bf7d0:   00000000188bf890 000000001ca26800
0x00000000188bf7e0:   000000001508c3e8 000000001ca26800
0x00000000188bf7f0:   0000000003473be0 000000001ca26800
0x00000000188bf800:   000000001508c3e8 000000001ca26800
0x00000000188bf810:   000000001508c3e8 000000001ca26800
0x00000000188bf820:   0000000000000001 000000001508c3e8
0x00000000188bf830:   000000001ca26800 0000000017dfa4e0
0x00000000188bf840:   000000001ca26800 000000005a291e6d
0x00000000188bf850:   00000000188bfb58 0000000100006bc8
0x00000000188bf860:   0000000100006bc8 0000000000000000 

Instructions: (pc=0x000000005a3e4447)
0x000000005a3e4427:   48 89 6c 24 30 33 ed 66 90 e8 6b 3f 08 00 ff c3
0x000000005a3e4437:   48 63 c8 48 8b c6 48 0f af cf 48 ff c7 48 2b c1
0x000000005a3e4447:   89 28 48 63 c3 48 3b 05 85 62 59 00 7e db 48 8b
0x000000005a3e4457:   6c 24 30 48 8b 5c 24 38 48 8b 74 24 40 48 83 c4 


Register to memory mapping:

RAX=0x00000000188bb770 is pointing into the stack for thread: 0x000000001ca26800
RBX=0x0000000000000005 is an unknown value
RCX=0x0000000000004000 is an unknown value
RDX=0x0000000000000006 is an unknown value
RSP=0x00000000188bf770 is pointing into the stack for thread: 0x000000001ca26800
RBP=0x0000000000000000 is an unknown value
RSI=0x00000000188bf770 is pointing into the stack for thread: 0x000000001ca26800
RDI=0x0000000000000005 is an unknown value
R8 =0x0000000000000006 is an unknown value
R9 =0x0000000019949190 is an unknown value
R10={method} {0x000000001508c3f0} 'run' '()V' in 'java/lang/Thread'
R11=0x00000000187ca148 is pointing into the stack for thread: 0x000000001ca26800
R12=0x0000000019949190 is an unknown value
R13=0x000000001ca26800 is a thread
R14=0x00000000188bf838 is pointing into the stack for thread: 0x000000001ca26800
R15={method} {0x000000001508c3f0} 'run' '()V' in 'java/lang/Thread'


Stack: [0x00000000187c0000,0x00000000188c0000],  sp=0x00000000188bf770,  free space=1021k
Native frames: (J=compiled Java code, j=interpreted, Vv=VM code, C=native code)


---------------  P R O C E S S  ---------------

Java Threads: ( => current thread )
=>0x000000001ca26800 JavaThread "HikariPool-1 connection adder" daemon [_thread_in_vm, id=10152, stack(0x00000000187c0000,0x00000000188c0000)]
  0x000000001ca20000 JavaThread "HikariPool-1 connection closer" daemon [_thread_in_vm, id=8400, stack(0x00000000015f0000,0x00000000016f0000)]
  0x000000001ca25000 JavaThread "JMX server connection timeout 54" daemon [_thread_blocked, id=7996, stack(0x00000000016f0000,0x00000000017f0000)]
  0x000000001ca1e000 JavaThread "RMI TCP Connection(idle)" daemon [_thread_blocked, id=1264, stack(0x00000000013d0000,0x00000000014d0000)]
  0x000000001ca1d000 JavaThread "DestroyJavaVM" [_thread_blocked, id=1384, stack(0x0000000003260000,0x0000000003360000)]
  0x000000001ca24000 JavaThread "http-nio-8080-Acceptor" daemon [_thread_in_native, id=6104, stack(0x000000001e3a0000,0x000000001e4a0000)]
  0x000000001ca1e800 JavaThread "http-nio-8080-ClientPoller" daemon [_thread_in_native, id=9760, stack(0x000000001e2a0000,0x000000001e3a0000)]
  0x000000001ca22800 JavaThread "http-nio-8080-exec-10" daemon [_thread_blocked, id=2672, stack(0x000000001e1a0000,0x000000001e2a0000)]
  0x000000001ca23800 JavaThread "http-nio-8080-exec-9" daemon [_thread_blocked, id=3056, stack(0x000000001e0a0000,0x000000001e1a0000)]
  0x0000000019ccf000 JavaThread "http-nio-8080-exec-8" daemon [_thread_blocked, id=8924, stack(0x000000001dfa0000,0x000000001e0a0000)]
  0x0000000019cce800 JavaThread "http-nio-8080-exec-7" daemon [_thread_blocked, id=8984, stack(0x000000001dea0000,0x000000001dfa0000)]
  0x0000000019ccc000 JavaThread "http-nio-8080-exec-6" daemon [_thread_blocked, id=6236, stack(0x000000001dda0000,0x000000001dea0000)]
  0x0000000019cd0800 JavaThread "http-nio-8080-exec-5" daemon [_thread_blocked, id=1904, stack(0x000000001dca0000,0x000000001dda0000)]
  0x0000000019ccd800 JavaThread "http-nio-8080-exec-4" daemon [_thread_blocked, id=2116, stack(0x000000001dba0000,0x000000001dca0000)]
  0x0000000019ccb800 JavaThread "http-nio-8080-exec-3" daemon [_thread_blocked, id=9108, stack(0x000000001daa0000,0x000000001dba0000)]
  0x0000000019cd1800 JavaThread "http-nio-8080-exec-2" daemon [_thread_blocked, id=8388, stack(0x000000001d9a0000,0x000000001daa0000)]
  0x0000000019ccd000 JavaThread "http-nio-8080-exec-1" daemon [_thread_blocked, id=4124, stack(0x000000001d8a0000,0x000000001d9a0000)]
  0x0000000019cd0000 JavaThread "http-nio-8080-BlockPoller" daemon [_thread_in_native, id=7240, stack(0x000000001bbd0000,0x000000001bcd0000)]
  0x0000000019cd2000 JavaThread "HikariPool-1 housekeeper" daemon [_thread_blocked, id=4564, stack(0x000000001b9d0000,0x000000001bad0000)]
  0x0000000019be9800 JavaThread "mysql-cj-abandoned-connection-cleanup" daemon [_thread_blocked, id=3008, stack(0x000000001b1d0000,0x000000001b2d0000)]
  0x0000000019be8800 JavaThread "container-0" [_thread_blocked, id=8628, stack(0x000000001b0d0000,0x000000001b1d0000)]
  0x0000000019be5000 JavaThread "Catalina-utility-2" [_thread_blocked, id=2964, stack(0x000000001afd0000,0x000000001b0d0000)]
  0x0000000019be4800 JavaThread "Catalina-utility-1" [_thread_blocked, id=4748, stack(0x0000000018f00000,0x0000000019000000)]
  0x0000000017e0e800 JavaThread "RMI Scheduler(0)" daemon [_thread_blocked, id=6080, stack(0x00000000188c0000,0x00000000189c0000)]
  0x0000000017de5800 JavaThread "RMI TCP Accept-0" daemon [_thread_in_native, id=9680, stack(0x00000000185c0000,0x00000000186c0000)]
  0x0000000017de2800 JavaThread "RMI TCP Accept-50606" daemon [_thread_in_native, id=6308, stack(0x00000000184c0000,0x00000000185c0000)]
  0x0000000017dd6000 JavaThread "RMI TCP Accept-0" daemon [_thread_in_native, id=1160, stack(0x00000000183c0000,0x00000000184c0000)]
  0x00000000173c0800 JavaThread "Service Thread" daemon [_thread_blocked, id=5288, stack(0x0000000017780000,0x0000000017880000)]
  0x0000000015a14800 JavaThread "C1 CompilerThread2" daemon [_thread_blocked, id=1212, stack(0x0000000017280000,0x0000000017380000)]
  0x0000000015a0c800 JavaThread "C2 CompilerThread1" daemon [_thread_blocked, id=4116, stack(0x0000000017180000,0x0000000017280000)]
  0x0000000015a07800 JavaThread "C2 CompilerThread0" daemon [_thread_blocked, id=7040, stack(0x0000000017080000,0x0000000017180000)]
  0x0000000015a06000 JavaThread "Attach Listener" daemon [_thread_blocked, id=9900, stack(0x0000000016f80000,0x0000000017080000)]
  0x0000000015a04800 JavaThread "Signal Dispatcher" daemon [_thread_blocked, id=8640, stack(0x0000000016e80000,0x0000000016f80000)]
  0x00000000159ea000 JavaThread "Finalizer" daemon [_thread_blocked, id=7616, stack(0x0000000016c80000,0x0000000016d80000)]
  0x0000000003454000 JavaThread "Reference Handler" daemon [_thread_blocked, id=1188, stack(0x0000000016b80000,0x0000000016c80000)]

Other Threads:
  0x00000000159c7800 VMThread [stack: 0x0000000016a80000,0x0000000016b80000] [id=3204]
  0x0000000017de6800 WatcherThread [stack: 0x00000000186c0000,0x00000000187c0000] [id=1884]

VM state:not at safepoint (normal execution)

VM Mutex/Monitor currently owned by a thread: None

Heap:
 PSYoungGen      total 131072K, used 81991K [0x00000000eb580000, 0x00000000f6380000, 0x0000000100000000)
  eden space 119808K, 59% used [0x00000000eb580000,0x00000000efa982c8,0x00000000f2a80000)
  from space 11264K, 99% used [0x00000000f2a80000,0x00000000f3579ca0,0x00000000f3580000)
  to   space 14848K, 0% used [0x00000000f5500000,0x00000000f5500000,0x00000000f6380000)
 ParOldGen       total 59904K, used 21868K [0x00000000c2000000, 0x00000000c5a80000, 0x00000000eb580000)
  object space 59904K, 36% used [0x00000000c2000000,0x00000000c355b228,0x00000000c5a80000)
 Metaspace       used 50924K, capacity 53862K, committed 53976K, reserved 1095680K
  class space    used 7332K, capacity 7851K, committed 7936K, reserved 1048576K

Card table byte_map: [0x0000000012820000,0x0000000012a20000] byte_map_base: 0x0000000012210000

Marking Bits: (ParMarkBitMap*) 0x000000005a9f08c0
 Begin Bits: [0x0000000012f70000, 0x0000000013ef0000)
 End Bits:   [0x0000000013ef0000, 0x0000000014e70000)

Polling page: 0x0000000000fe0000

CodeCache: size=245760Kb used=7925Kb max_used=7925Kb free=237834Kb
 bounds [0x0000000003460000, 0x0000000003c20000, 0x0000000012460000]
 total_blobs=4761 nmethods=4214 adapters=457
 compilation: disabled (not enough contiguous free space left)

Compilation events (10 events):
Event: 2576.702 Thread 0x0000000015a14800 4292       1       java.io.ObjectStreamClass::computeFieldOffsets (307 bytes)
Event: 2577.076 Thread 0x0000000015a14800 nmethod 4292 0x0000000003c1e850 code [0x0000000003c1e9e0, 0x0000000003c1edc8]
Event: 2577.086 Thread 0x0000000015a14800 4293       1       java.io.ObjectOutputStream$HandleTable::clear (27 bytes)
Event: 2577.369 Thread 0x0000000015a14800 nmethod 4293 0x0000000003c1f0d0 code [0x0000000003c1f240, 0x0000000003c1f428]
Event: 2585.862 Thread 0x0000000015a14800 4294       1       org.apache.catalina.webresources.StandardRoot::gc (70 bytes)
Event: 2586.180 Thread 0x0000000015a14800 nmethod 4294 0x0000000003c1f5d0 code [0x0000000003c1f7a0, 0x0000000003c1fa88]
Event: 2586.180 Thread 0x0000000015a14800 4295       1       org.apache.catalina.webresources.AbstractFileResourceSet::gc (1 bytes)
Event: 2586.180 Thread 0x0000000015a14800 nmethod 4295 0x0000000003c1fc50 code [0x0000000003c1fda0, 0x0000000003c1feb0]
Event: 2587.556 Thread 0x0000000015a14800 4296       1       com.zaxxer.hikari.util.ClockSource::plusMillis (11 bytes)
Event: 2598.862 Thread 0x0000000015a14800 


GC Heap History (10 events):
Event: 7.240 GC heap before
{Heap before GC invocations=9 (full 1):
 PSYoungGen      total 69632K, used 62464K [0x00000000eb580000, 0x00000000f3d80000, 0x0000000100000000)
  eden space 62464K, 100% used [0x00000000eb580000,0x00000000ef280000,0x00000000ef280000)
  from space 7168K, 0% used [0x00000000ef280000,0x00000000ef280000,0x00000000ef980000)
  to   space 7168K, 0% used [0x00000000f3680000,0x00000000f3680000,0x00000000f3d80000)
 ParOldGen       total 35328K, used 7956K [0x00000000c2000000, 0x00000000c4280000, 0x00000000eb580000)
  object space 35328K, 22% used [0x00000000c2000000,0x00000000c27c50c0,0x00000000c4280000)
 Metaspace       used 23311K, capacity 24378K, committed 24576K, reserved 1071104K
  class space    used 3247K, capacity 3490K, committed 3584K, reserved 1048576K
Event: 7.254 GC heap after
Heap after GC invocations=9 (full 1):
 PSYoungGen      total 97792K, used 6420K [0x00000000eb580000, 0x00000000f3d00000, 0x0000000100000000)
  eden space 91136K, 0% used [0x00000000eb580000,0x00000000eb580000,0x00000000f0e80000)
  from space 6656K, 96% used [0x00000000f3680000,0x00000000f3cc5080,0x00000000f3d00000)
  to   space 7680K, 0% used [0x00000000f2e00000,0x00000000f2e00000,0x00000000f3580000)
 ParOldGen       total 35328K, used 7964K [0x00000000c2000000, 0x00000000c4280000, 0x00000000eb580000)
  object space 35328K, 22% used [0x00000000c2000000,0x00000000c27c70c0,0x00000000c4280000)
 Metaspace       used 23311K, capacity 24378K, committed 24576K, reserved 1071104K
  class space    used 3247K, capacity 3490K, committed 3584K, reserved 1048576K
}
Event: 10.189 GC heap before
{Heap before GC invocations=10 (full 1):
 PSYoungGen      total 97792K, used 97556K [0x00000000eb580000, 0x00000000f3d00000, 0x0000000100000000)
  eden space 91136K, 100% used [0x00000000eb580000,0x00000000f0e80000,0x00000000f0e80000)
  from space 6656K, 96% used [0x00000000f3680000,0x00000000f3cc5080,0x00000000f3d00000)
  to   space 7680K, 0% used [0x00000000f2e00000,0x00000000f2e00000,0x00000000f3580000)
 ParOldGen       total 35328K, used 7964K [0x00000000c2000000, 0x00000000c4280000, 0x00000000eb580000)
  object space 35328K, 22% used [0x00000000c2000000,0x00000000c27c70c0,0x00000000c4280000)
 Metaspace       used 28097K, capacity 29850K, committed 30208K, reserved 1075200K
  class space    used 3907K, capacity 4244K, committed 4352K, reserved 1048576K
Event: 10.203 GC heap after
Heap after GC invocations=10 (full 1):
 PSYoungGen      total 121856K, used 7660K [0x00000000eb580000, 0x00000000f3700000, 0x0000000100000000)
  eden space 114176K, 0% used [0x00000000eb580000,0x00000000eb580000,0x00000000f2500000)
  from space 7680K, 99% used [0x00000000f2e00000,0x00000000f357b198,0x00000000f3580000)
  to   space 1536K, 0% used [0x00000000f3580000,0x00000000f3580000,0x00000000f3700000)
 ParOldGen       total 35328K, used 9445K [0x00000000c2000000, 0x00000000c4280000, 0x00000000eb580000)
  object space 35328K, 26% used [0x00000000c2000000,0x00000000c2939750,0x00000000c4280000)
 Metaspace       used 28097K, capacity 29850K, committed 30208K, reserved 1075200K
  class space    used 3907K, capacity 4244K, committed 4352K, reserved 1048576K
}
Event: 13.246 GC heap before
{Heap before GC invocations=11 (full 1):
 PSYoungGen      total 121856K, used 46599K [0x00000000eb580000, 0x00000000f3700000, 0x0000000100000000)
  eden space 114176K, 34% used [0x00000000eb580000,0x00000000edb86bd8,0x00000000f2500000)
  from space 7680K, 99% used [0x00000000f2e00000,0x00000000f357b198,0x00000000f3580000)
  to   space 1536K, 0% used [0x00000000f3580000,0x00000000f3580000,0x00000000f3700000)
 ParOldGen       total 35328K, used 9445K [0x00000000c2000000, 0x00000000c4280000, 0x00000000eb580000)
  object space 35328K, 26% used [0x00000000c2000000,0x00000000c2939750,0x00000000c4280000)
 Metaspace       used 33504K, capacity 35320K, committed 35416K, reserved 1079296K
  class space    used 4820K, capacity 5193K, committed 5248K, reserved 1048576K
Event: 13.270 GC heap after
Heap after GC invocations=11 (full 1):
 PSYoungGen      total 121344K, used 1536K [0x00000000eb580000, 0x00000000f5500000, 0x0000000100000000)
  eden space 119808K, 0% used [0x00000000eb580000,0x00000000eb580000,0x00000000f2a80000)
  from space 1536K, 100% used [0x00000000f3580000,0x00000000f3700000,0x00000000f3700000)
  to   space 11264K, 0% used [0x00000000f2a80000,0x00000000f2a80000,0x00000000f3580000)
 ParOldGen       total 35328K, used 18825K [0x00000000c2000000, 0x00000000c4280000, 0x00000000eb580000)
  object space 35328K, 53% used [0x00000000c2000000,0x00000000c32627f8,0x00000000c4280000)
 Metaspace       used 33504K, capacity 35320K, committed 35416K, reserved 1079296K
  class space    used 4820K, capacity 5193K, committed 5248K, reserved 1048576K
}
Event: 13.270 GC heap before
{Heap before GC invocations=12 (full 2):
 PSYoungGen      total 121344K, used 1536K [0x00000000eb580000, 0x00000000f5500000, 0x0000000100000000)
  eden space 119808K, 0% used [0x00000000eb580000,0x00000000eb580000,0x00000000f2a80000)
  from space 1536K, 100% used [0x00000000f3580000,0x00000000f3700000,0x00000000f3700000)
  to   space 11264K, 0% used [0x00000000f2a80000,0x00000000f2a80000,0x00000000f3580000)
 ParOldGen       total 35328K, used 18825K [0x00000000c2000000, 0x00000000c4280000, 0x00000000eb580000)
  object space 35328K, 53% used [0x00000000c2000000,0x00000000c32627f8,0x00000000c4280000)
 Metaspace       used 33504K, capacity 35320K, committed 35416K, reserved 1079296K
  class space    used 4820K, capacity 5193K, committed 5248K, reserved 1048576K
Event: 13.363 GC heap after
Heap after GC invocations=12 (full 2):
 PSYoungGen      total 121344K, used 0K [0x00000000eb580000, 0x00000000f5500000, 0x0000000100000000)
  eden space 119808K, 0% used [0x00000000eb580000,0x00000000eb580000,0x00000000f2a80000)
  from space 1536K, 0% used [0x00000000f3580000,0x00000000f3580000,0x00000000f3700000)
  to   space 11264K, 0% used [0x00000000f2a80000,0x00000000f2a80000,0x00000000f3580000)
 ParOldGen       total 59904K, used 15527K [0x00000000c2000000, 0x00000000c5a80000, 0x00000000eb580000)
  object space 59904K, 25% used [0x00000000c2000000,0x00000000c2f29dd0,0x00000000c5a80000)
 Metaspace       used 33504K, capacity 35320K, committed 35416K, reserved 1079296K
  class space    used 4820K, capacity 5193K, committed 5248K, reserved 1048576K
}
Event: 18.521 GC heap before
{Heap before GC invocations=13 (full 2):
 PSYoungGen      total 121344K, used 119808K [0x00000000eb580000, 0x00000000f5500000, 0x0000000100000000)
  eden space 119808K, 100% used [0x00000000eb580000,0x00000000f2a80000,0x00000000f2a80000)
  from space 1536K, 0% used [0x00000000f3580000,0x00000000f3580000,0x00000000f3700000)
  to   space 11264K, 0% used [0x00000000f2a80000,0x00000000f2a80000,0x00000000f3580000)
 ParOldGen       total 59904K, used 15527K [0x00000000c2000000, 0x00000000c5a80000, 0x00000000eb580000)
  object space 59904K, 25% used [0x00000000c2000000,0x00000000c2f29dd0,0x00000000c5a80000)
 Metaspace       used 47060K, capacity 49666K, committed 49752K, reserved 1091584K
  class space    used 6774K, capacity 7237K, committed 7296K, reserved 1048576K
Event: 18.543 GC heap after
Heap after GC invocations=13 (full 2):
 PSYoungGen      total 131072K, used 11239K [0x00000000eb580000, 0x00000000f6380000, 0x0000000100000000)
  eden space 119808K, 0% used [0x00000000eb580000,0x00000000eb580000,0x00000000f2a80000)
  from space 11264K, 99% used [0x00000000f2a80000,0x00000000f3579ca0,0x00000000f3580000)
  to   space 14848K, 0% used [0x00000000f5500000,0x00000000f5500000,0x00000000f6380000)
 ParOldGen       total 59904K, used 21868K [0x00000000c2000000, 0x00000000c5a80000, 0x00000000eb580000)
  object space 59904K, 36% used [0x00000000c2000000,0x00000000c355b228,0x00000000c5a80000)
 Metaspace       used 47060K, capacity 49666K, committed 49752K, reserved 1091584K
  class space    used 6774K, capacity 7237K, committed 7296K, reserved 1048576K
}

Deoptimization events (0 events):
No events

Classes redefined (0 events):
No events

Internal exceptions (10 events):
Event: 19.011 Thread 0x0000000003365000 Exception <a 'java/lang/ClassNotFoundException': org/springframework/beans/factory/BeanClassLoaderAwareCustomizer> (0x00000000ec3d2ff0) thrown at [C:\re\workspace\8-2-build-windows-amd64-cygwin\jdk8u171\10807\hotspot\src\share\vm\classfile\systemDictionar
Event: 19.011 Thread 0x0000000003365000 Exception <a 'java/lang/ClassNotFoundException': org/springframework/beans/factory/AwareCustomizer> (0x00000000ec3e53e8) thrown at [C:\re\workspace\8-2-build-windows-amd64-cygwin\jdk8u171\10807\hotspot\src\share\vm\classfile\systemDictionary.cpp, line 210
Event: 19.013 Thread 0x0000000003365000 Exception <a 'java/lang/ArrayIndexOutOfBoundsException'> (0x00000000ec3f8d50) thrown at [C:\re\workspace\8-2-build-windows-amd64-cygwin\jdk8u171\10807\hotspot\src\share\vm\runtime\sharedRuntime.cpp, line 605]
Event: 19.068 Thread 0x0000000003365000 Exception <a 'java/lang/ArrayIndexOutOfBoundsException'> (0x00000000ec54e6b0) thrown at [C:\re\workspace\8-2-build-windows-amd64-cygwin\jdk8u171\10807\hotspot\src\share\vm\runtime\sharedRuntime.cpp, line 605]
Event: 19.278 Thread 0x0000000003365000 Exception <a 'java/lang/ArrayIndexOutOfBoundsException'> (0x00000000ece6ef68) thrown at [C:\re\workspace\8-2-build-windows-amd64-cygwin\jdk8u171\10807\hotspot\src\share\vm\runtime\sharedRuntime.cpp, line 605]
Event: 19.309 Thread 0x0000000003365000 Exception <a 'java/lang/ArrayIndexOutOfBoundsException'> (0x00000000ed067f58) thrown at [C:\re\workspace\8-2-build-windows-amd64-cygwin\jdk8u171\10807\hotspot\src\share\vm\runtime\sharedRuntime.cpp, line 605]
Event: 19.309 Thread 0x0000000003365000 Exception <a 'java/lang/ArrayIndexOutOfBoundsException'> (0x00000000ed069d40) thrown at [C:\re\workspace\8-2-build-windows-amd64-cygwin\jdk8u171\10807\hotspot\src\share\vm\runtime\sharedRuntime.cpp, line 605]
Event: 19.309 Thread 0x0000000003365000 Exception <a 'java/lang/ArrayIndexOutOfBoundsException'> (0x00000000ed06c110) thrown at [C:\re\workspace\8-2-build-windows-amd64-cygwin\jdk8u171\10807\hotspot\src\share\vm\runtime\sharedRuntime.cpp, line 605]
Event: 19.380 Thread 0x0000000003365000 Exception <a 'java/lang/ArrayIndexOutOfBoundsException'> (0x00000000ed287448) thrown at [C:\re\workspace\8-2-build-windows-amd64-cygwin\jdk8u171\10807\hotspot\src\share\vm\runtime\sharedRuntime.cpp, line 605]
Event: 1378.403 Thread 0x000000001ca25800 Exception <a 'java/lang/NoSuchMethodError': <clinit>> (0x00000000ef79b408) thrown at [C:\re\workspace\8-2-build-windows-amd64-cygwin\jdk8u171\10807\hotspot\src\share\vm\prims\jni.cpp, line 1613]

Events (10 events):
Event: 1860.804 Thread 0x000000001ca1f800 Thread exited: 0x000000001ca1f800
Event: 1864.269 Executing VM operation: RevokeBias
Event: 1864.270 Executing VM operation: RevokeBias done
Event: 1864.270 Thread 0x000000001ca21800 Thread exited: 0x000000001ca21800
Event: 2014.187 Executing VM operation: RevokeBias
Event: 2014.275 Executing VM operation: RevokeBias done
Event: 2014.490 Executing VM operation: RevokeBias
Event: 2014.490 Executing VM operation: RevokeBias done
Event: 4043.302 Thread 0x000000001ca20000 Thread added: 0x000000001ca20000
Event: 4044.345 Thread 0x000000001ca26800 Thread added: 0x000000001ca26800


Dynamic libraries:
0x00007ff6a8a30000 - 0x00007ff6a8a67000 	C:\Program Files\Java\jre1.8.0_171\bin\javaw.exe
0x00007ffece180000 - 0x00007ffece370000 	C:\WINDOWS\SYSTEM32\ntdll.dll
0x00007ffecc230000 - 0x00007ffecc2e2000 	C:\WINDOWS\System32\KERNEL32.DLL
0x00007ffecbcd0000 - 0x00007ffecbf73000 	C:\WINDOWS\System32\KERNELBASE.dll
0x00007ffecd050000 - 0x00007ffecd0f3000 	C:\WINDOWS\System32\ADVAPI32.dll
0x00007ffece0a0000 - 0x00007ffece13e000 	C:\WINDOWS\System32\msvcrt.dll
0x00007ffecd860000 - 0x00007ffecd8f7000 	C:\WINDOWS\System32\sechost.dll
0x00007ffecd730000 - 0x00007ffecd850000 	C:\WINDOWS\System32\RPCRT4.dll
0x00007ffeccbc0000 - 0x00007ffeccd54000 	C:\WINDOWS\System32\USER32.dll
0x00007ffecc200000 - 0x00007ffecc221000 	C:\WINDOWS\System32\win32u.dll
0x00007ffecd700000 - 0x00007ffecd726000 	C:\WINDOWS\System32\GDI32.dll
0x00007ffecb9c0000 - 0x00007ffecbb54000 	C:\WINDOWS\System32\gdi32full.dll
0x00007ffecbb60000 - 0x00007ffecbbfe000 	C:\WINDOWS\System32\msvcp_win.dll
0x00007ffecc0d0000 - 0x00007ffecc1ca000 	C:\WINDOWS\System32\ucrtbase.dll
0x00007ffeb9b80000 - 0x00007ffeb9e05000 	C:\WINDOWS\WinSxS\amd64_microsoft.windows.common-controls_6595b64144ccf1df_6.0.18362.418_none_e6c6b287130d565d\COMCTL32.dll
0x00007ffecd3c0000 - 0x00007ffecd6f6000 	C:\WINDOWS\System32\combase.dll
0x00007ffecbc50000 - 0x00007ffecbcd0000 	C:\WINDOWS\System32\bcryptPrimitives.dll
0x00007ffeccd60000 - 0x00007ffeccd8e000 	C:\WINDOWS\System32\IMM32.DLL
0x000000005a0f0000 - 0x000000005a1c2000 	C:\Program Files\Java\jre1.8.0_171\bin\msvcr100.dll
0x000000005a1d0000 - 0x000000005aa70000 	C:\Program Files\Java\jre1.8.0_171\bin\server\jvm.dll
0x00007ffecdf10000 - 0x00007ffecdf18000 	C:\WINDOWS\System32\PSAPI.DLL
0x00007ffec8b70000 - 0x00007ffec8b94000 	C:\WINDOWS\SYSTEM32\WINMM.dll
0x00007ffec5740000 - 0x00007ffec5749000 	C:\WINDOWS\SYSTEM32\WSOCK32.dll
0x00007ffec0380000 - 0x00007ffec038a000 	C:\WINDOWS\SYSTEM32\VERSION.dll
0x00007ffecd9d0000 - 0x00007ffecda3f000 	C:\WINDOWS\System32\WS2_32.dll
0x00007ffec8960000 - 0x00007ffec898d000 	C:\WINDOWS\SYSTEM32\winmmbase.dll
0x00007ffecbc00000 - 0x00007ffecbc4a000 	C:\WINDOWS\System32\cfgmgr32.dll
0x000000005a0e0000 - 0x000000005a0ef000 	C:\Program Files\Java\jre1.8.0_171\bin\verify.dll
0x000000005a0b0000 - 0x000000005a0d9000 	C:\Program Files\Java\jre1.8.0_171\bin\java.dll
0x000000005a090000 - 0x000000005a0a6000 	C:\Program Files\Java\jre1.8.0_171\bin\zip.dll
0x00007ffecc450000 - 0x00007ffeccb35000 	C:\WINDOWS\System32\SHELL32.dll
0x00007ffecdf20000 - 0x00007ffecdfc9000 	C:\WINDOWS\System32\shcore.dll
0x00007ffecb170000 - 0x00007ffecb8ef000 	C:\WINDOWS\System32\windows.storage.dll
0x00007ffecb080000 - 0x00007ffecb09f000 	C:\WINDOWS\System32\profapi.dll
0x00007ffecb0a0000 - 0x00007ffecb0ea000 	C:\WINDOWS\System32\powrprof.dll
0x00007ffecb050000 - 0x00007ffecb060000 	C:\WINDOWS\System32\UMPDC.dll
0x00007ffecd110000 - 0x00007ffecd162000 	C:\WINDOWS\System32\shlwapi.dll
0x00007ffecb060000 - 0x00007ffecb071000 	C:\WINDOWS\System32\kernel.appcore.dll
0x00007ffecb8f0000 - 0x00007ffecb907000 	C:\WINDOWS\System32\cryptsp.dll
0x000000005ab60000 - 0x000000005ab6d000 	C:\Program Files\Java\jre1.8.0_171\bin\management.dll
0x000000005a070000 - 0x000000005a08a000 	C:\Program Files\Java\jre1.8.0_171\bin\net.dll
0x00007ffeca8c0000 - 0x00007ffeca927000 	C:\WINDOWS\system32\mswsock.dll
0x000000005a050000 - 0x000000005a061000 	C:\Program Files\Java\jre1.8.0_171\bin\nio.dll
0x00007ffebf200000 - 0x00007ffebf216000 	C:\WINDOWS\system32\napinsp.dll
0x00007ffebf1e0000 - 0x00007ffebf1fa000 	C:\WINDOWS\system32\pnrpnsp.dll
0x00007ffeca5b0000 - 0x00007ffeca67a000 	C:\WINDOWS\SYSTEM32\DNSAPI.dll
0x00007ffecd850000 - 0x00007ffecd858000 	C:\WINDOWS\System32\NSI.dll
0x00007ffeca570000 - 0x00007ffeca5aa000 	C:\WINDOWS\SYSTEM32\IPHLPAPI.DLL
0x00007ffebf1d0000 - 0x00007ffebf1de000 	C:\WINDOWS\System32\winrnr.dll
0x00007ffec7840000 - 0x00007ffec785c000 	C:\WINDOWS\system32\NLAapi.dll
0x00007ffec4290000 - 0x00007ffec42a5000 	C:\WINDOWS\system32\wshbth.dll
0x00007ffec01a0000 - 0x00007ffec01aa000 	C:\Windows\System32\rasadhlp.dll
0x00007ffec1d60000 - 0x00007ffec1dd7000 	C:\WINDOWS\System32\fwpuclnt.dll
0x00007ffecc1d0000 - 0x00007ffecc1f6000 	C:\WINDOWS\System32\bcrypt.dll
0x00007ffeca3d0000 - 0x00007ffeca403000 	C:\WINDOWS\system32\rsaenh.dll
0x00007ffecaf40000 - 0x00007ffecaf65000 	C:\WINDOWS\SYSTEM32\USERENV.dll
0x00007ffecaa90000 - 0x00007ffecaa9c000 	C:\WINDOWS\SYSTEM32\CRYPTBASE.dll
0x00007ffec1e40000 - 0x00007ffec1e56000 	C:\WINDOWS\SYSTEM32\dhcpcsvc6.DLL
0x00007ffec2110000 - 0x00007ffec212c000 	C:\WINDOWS\SYSTEM32\dhcpcsvc.DLL

VM Arguments:
jvm_args: -Dcom.sun.management.jmxremote -Dcom.sun.management.jmxremote.port=50606 -Dcom.sun.management.jmxremote.authenticate=false -Dcom.sun.management.jmxremote.ssl=false -Djava.rmi.server.hostname=localhost -Dspring.liveBeansView.mbeanDomain -Dspring.application.admin.enabled=true -Xverify:none -XX:TieredStopAtLevel=1 -Dfile.encoding=UTF-8 
java_command: com.technostorms.bank.TechnostormsApplication --spring.output.ansi.enabled=always
java_class_path (initial): C:\Users\Mohit\Documents\Tecnostrom\technostorms\target\classes;C:\Users\Mohit\.m2\repository\org\springframework\boot\spring-boot-starter-data-jpa\2.2.1.RELEASE\spring-boot-starter-data-jpa-2.2.1.RELEASE.jar;C:\Users\Mohit\.m2\repository\org\springframework\boot\spring-boot-starter-aop\2.2.1.RELEASE\spring-boot-starter-aop-2.2.1.RELEASE.jar;C:\Users\Mohit\.m2\repository\org\aspectj\aspectjweaver\1.9.4\aspectjweaver-1.9.4.jar;C:\Users\Mohit\.m2\repository\org\springframework\boot\spring-boot-starter-jdbc\2.2.1.RELEASE\spring-boot-starter-jdbc-2.2.1.RELEASE.jar;C:\Users\Mohit\.m2\repository\com\zaxxer\HikariCP\3.4.1\HikariCP-3.4.1.jar;C:\Users\Mohit\.m2\repository\org\springframework\spring-jdbc\5.2.1.RELEASE\spring-jdbc-5.2.1.RELEASE.jar;C:\Users\Mohit\.m2\repository\jakarta\activation\jakarta.activation-api\1.2.1\jakarta.activation-api-1.2.1.jar;C:\Users\Mohit\.m2\repository\jakarta\persistence\jakarta.persistence-api\2.2.3\jakarta.persistence-api-2.2.3.jar;C:\Users\Mohit\.m2\repository\jakarta\transaction\jakarta.transaction-api\1.3.3\jakarta.transaction-api-1.3.3.jar;C:\Users\Mohit\.m2\repository\org\hibernate\hibernate-core\5.4.8.Final\hibernate-core-5.4.8.Final.jar;C:\Users\Mohit\.m2\repository\org\jboss\logging\jboss-logging\3.4.1.Final\jboss-logging-3.4.1.Final.jar;C:\Users\Mohit\.m2\repository\org\javassist\javassist\3.24.0-GA\javassist-3.24.0-GA.jar;C:\Users\Mohit\.m2\repository\net\bytebuddy\byte-buddy\1.10.2\byte-buddy-1.10.2.jar;C:\Users\Mohit\.m2\repository\antlr\antlr\2.7.7\antlr-2.7.7.jar;C:\Users\Mohit\.m2\repository\org\jboss\jandex\2.0.5.Final\jandex-2.0.5.Final.jar;C:\Users\Mohit\.m2\repository\com\fasterxml\classmate\1.5.1\classmate-1.5.1.jar;C:\Users\Mohit\.m2\repository\org\dom4j\dom4j\2.1.1\dom4j-2.1.1.jar;C:\Users\Mohit\.m2\repository\org\hibernate\common\hibernate-commons-annotations\5.1.0.Final\hibernate-commons-annotations-5.1.0.Final.jar;C:\Users\Mohit\.m2\repository\org\glassfish\jaxb\jaxb-runtime\2.3.2\jaxb-
Launcher Type: SUN_STANDARD

Environment Variables:
PATH=C:/Program Files/Java/jre1.8.0_171/bin/server;C:/Program Files/Java/jre1.8.0_171/bin;C:/Program Files/Java/jre1.8.0_171/lib/amd64;C:\Program Files (x86)\Common Files\Oracle\Java\javapath;C:\Program Files \Common Files\Oracle\Java\javapath;C:\WINDOWS\system32;C:\WINDOWS;C:\WINDOWS\System32\Wbem;C:\WINDOWS\System32\WindowsPowerShell\v1.0\;C:\Program Files\nodejs\;C:\WINDOWS\System32\OpenSSH\;C:\Program Files\Git\cmd\;C:\Program Files\Git\bin\;C:\Users\Mohit\AppData\Local\Microsoft\WindowsApps;C:\Users\Mohit\AppData\Roaming\npm;;C:\Users\Mohit\AppData\Local\Programs\Microsoft VS Code\bin;D:\Java\sts-bundle\sts-3.9.7.RELEASE;
USERNAME=Mohit
OS=Windows_NT
PROCESSOR_IDENTIFIER=Intel64 Family 6 Model 58 Stepping 9, GenuineIntel



---------------  S Y S T E M  ---------------

OS: Windows 10.0 , 64 bit Build 18362 (10.0.18362.329)

CPU:total 4 (initial active 4) (2 cores per cpu, 2 threads per core) family 6 model 58 stepping 9, cmov, cx8, fxsr, mmx, sse, sse2, sse3, ssse3, sse4.1, sse4.2, popcnt, avx, clmul, erms, ht, tsc, tscinvbit, tscinv

Memory: 4k page, physical 4056852k(162452k free), swap 24536852k(0k free)

vm_info: Java HotSpot(TM) 64-Bit Server VM (25.171-b11) for windows-amd64 JRE (1.8.0_171-b11), built on Mar 28 2018 16:06:12 by "java_re" with MS VC++ 10.0 (VS2010)

time: Sun Nov 10 19:14:25 2019
elapsed time: 4051 seconds (0d 1h 7m 31s)

